<?xml version="1.0" encoding="UTF-8"?>
<testsuite xmlns:xsi="http://www.w3.org/2001/XMLSchema-instance" xsi:noNamespaceSchemaLocation="https://maven.apache.org/surefire/maven-surefire-plugin/xsd/surefire-test-report.xsd" name="com.petvet.controller.AuthenticationControllerTest" time="4.108" tests="3" errors="0" skipped="0" failures="0">
  <properties>
[...]
</properties>
  <testcase name="testRegisterUser" classname="com.petvet.controller.AuthenticationControllerTest" time="0.253"/>
  <testcase name="testAuthenticateUser" classname="com.petvet.controller.AuthenticationControllerTest" time="0.014"/>
  <testcase name="testStatus" classname="com.petvet.controller.AuthenticationControllerTest" time="0.011"/>
</testsuite>